<?xml version="1.0" encoding="UTF-8"?>
<!-- Generated by org.testng.reporters.JUnitXMLReporter -->
<testsuite ignored="0" hostname="GEETAKARUNYAM" failures="0" tests="12" name="Test" time="0.135" errors="0" timestamp="2023-08-19T17:41:41 IST">
  <testcase classname="GroupsExecution.Test4" name="demo1" time="0.01"/>
  <testcase classname="GroupsExecution.Test4" name="demo2" time="0.002"/>
  <testcase classname="GroupsExecution.Test4" name="demo3" time="0.002"/>
  <testcase classname="GroupsExecution.Test3" name="demo1" time="0.002"/>
  <testcase classname="GroupsExecution.Test3" name="demo2" time="0.003"/>
  <testcase classname="GroupsExecution.Test3" name="demo3" time="0.002"/>
  <testcase classname="GroupsExecution.Test2" name="demo1" time="0.002"/>
  <testcase classname="GroupsExecution.Test2" name="demo2" time="0.002"/>
  <testcase classname="GroupsExecution.Test2" name="demo3" time="0.001"/>
  <testcase classname="GroupsExecution.Test1" name="demo1" time="0.002"/>
  <testcase classname="GroupsExecution.Test1" name="demo2" time="0.002"/>
  <testcase classname="GroupsExecution.Test1" name="demo3" time="0.002"/>
</testsuite> <!-- Test -->
